0 info it worked if it ends with ok
1 verbose cli [ '/Users/omer/.nvm/v0.10.36/bin/node',
1 verbose cli   '/Users/omer/.nvm/v0.10.36/bin/npm',
1 verbose cli   'run',
1 verbose cli   'compile' ]
2 info using npm@1.4.28
3 info using node@v0.10.36
4 verbose run-script [ 'precompile', 'compile', 'postcompile' ]
5 info precompile www.omerwazir.com@1.0.0
6 info compile www.omerwazir.com@1.0.0
7 verbose unsafe-perm in lifecycle true
8 info www.omerwazir.com@1.0.0 Failed to exec compile script
9 error www.omerwazir.com@1.0.0 compile: `node node_modules/harp/bin/harp compile src -o ../dist`
9 error Exit status 1
10 error Failed at the www.omerwazir.com@1.0.0 compile script.
10 error This is most likely a problem with the www.omerwazir.com package,
10 error not with npm itself.
10 error Tell the author that this fails on your system:
10 error     node node_modules/harp/bin/harp compile src -o ../dist
10 error You can get their info via:
10 error     npm owner ls www.omerwazir.com
10 error There is likely additional logging output above.
11 error System Darwin 14.3.0
12 error command "/Users/omer/.nvm/v0.10.36/bin/node" "/Users/omer/.nvm/v0.10.36/bin/npm" "run" "compile"
13 error cwd /Users/omer/GitHub/www.omerwazir.com
14 error node -v v0.10.36
15 error npm -v 1.4.28
16 error code ELIFECYCLE
17 verbose exit [ 1, true ]
